<?xml version="1.0" encoding="UTF-8"?>
<!-- Generated by org.testng.reporters.JUnitReportReporter -->
<testsuite skipped="0" hostname="CyperMac.local" name="testcases.FlipkartTest" tests="1" failures="0" timestamp="2023-02-18T20:20:55 EET" time="79.680" errors="0">
  <testcase name="placeOrder" time="79.680" classname="testcases.FlipkartTest"/>
  <system-out/>
</testsuite> <!-- testcases.FlipkartTest -->
