<?xml version="1.0" encoding="UTF-8"?>
<!-- Generated by org.testng.reporters.JUnitReportReporter -->
<testsuite skipped="0" hostname="CyperMac.local" name="com.simplilearn.Phase4Project.FlipkartTest" tests="1" failures="0" timestamp="2023-02-17T00:34:10 EET" time="7.902" errors="0">
  <testcase name="searchProduct" time="7.902" classname="com.simplilearn.Phase4Project.FlipkartTest"/>
  <system-out/>
</testsuite> <!-- com.simplilearn.Phase4Project.FlipkartTest -->
